<?xml version="1.0" encoding="UTF-8"?>
<!-- Generated by org.testng.reporters.JUnitReportReporter -->
<testsuite hostname="MamaBapa" failures="0" tests="3" name="RahulShettyAcademy.Tests.SubmitOrder" time="26.026" errors="0" timestamp="2025-03-21T16:15:28 IST" skipped="0">
  <testcase classname="RahulShettyAcademy.Tests.SubmitOrder" name="submitOrder" time="5.106"/>
  <testcase classname="RahulShettyAcademy.Tests.SubmitOrder" name="OrderHistoryTest" time="3.495"/>
  <testcase classname="RahulShettyAcademy.Tests.SubmitOrder" name="submitOrder" time="17.425"/>
</testsuite> <!-- RahulShettyAcademy.Tests.SubmitOrder -->
