<?xml version="1.0" encoding="UTF-8"?>
<!-- Generated by org.testng.reporters.JUnitReportReporter -->
<testsuite hostname="MamaBapa" failures="0" tests="2" name="RahulShettyAcademy.Tests.ErrorValidationTest" time="8.633" errors="0" timestamp="2025-03-26T13:19:40 IST" skipped="0">
  <testcase classname="RahulShettyAcademy.Tests.ErrorValidationTest" name="ProductErrorValidation" time="6.102"/>
  <testcase classname="RahulShettyAcademy.Tests.ErrorValidationTest" name="LoginErrorValidation" time="2.531"/>
</testsuite> <!-- RahulShettyAcademy.Tests.ErrorValidationTest -->
