<?xml version="1.0" encoding="UTF-8"?>
<!-- Generated by org.testng.reporters.JUnitReportReporter -->
<testsuite hostname="MamaBapa" failures="0" tests="3" name="RahulShettyAcademy.Tests.SubmitOrder" time="41.088" errors="0" timestamp="2025-03-22T13:13:28 IST" skipped="0">
  <testcase classname="RahulShettyAcademy.Tests.SubmitOrder" name="OrderHistoryTest" time="4.127"/>
  <testcase classname="RahulShettyAcademy.Tests.SubmitOrder" name="submitOrder" time="18.898"/>
  <testcase classname="RahulShettyAcademy.Tests.SubmitOrder" name="submitOrder" time="18.063"/>
</testsuite> <!-- RahulShettyAcademy.Tests.SubmitOrder -->
