<?xml version="1.0" encoding="UTF-8"?>
<!-- Generated by org.testng.reporters.JUnitReportReporter -->
<testsuite hostname="MamaBapa" failures="0" tests="3" name="RahulShettyAcademy.Tests.SubmitOrder" time="39.281" errors="0" timestamp="2025-03-26T13:19:40 IST" skipped="0">
  <testcase classname="RahulShettyAcademy.Tests.SubmitOrder" name="submitOrder" time="17.677"/>
  <testcase classname="RahulShettyAcademy.Tests.SubmitOrder" name="submitOrder" time="17.213"/>
  <testcase classname="RahulShettyAcademy.Tests.SubmitOrder" name="OrderHistoryTest" time="4.391"/>
</testsuite> <!-- RahulShettyAcademy.Tests.SubmitOrder -->
